2023-06-19 15:53:30,909:WARNING:
'cuml' is a soft dependency and not included in the pycaret installation. Please run: `pip install cuml` to install.
2023-06-19 15:53:30,910:WARNING:
'cuml' is a soft dependency and not included in the pycaret installation. Please run: `pip install cuml` to install.
2023-06-19 15:53:30,910:WARNING:
'cuml' is a soft dependency and not included in the pycaret installation. Please run: `pip install cuml` to install.
2023-06-19 15:53:30,910:WARNING:
'cuml' is a soft dependency and not included in the pycaret installation. Please run: `pip install cuml` to install.
2023-06-19 15:53:30,919:INFO:Soft dependency imported: prophet: 1.1.4
2023-06-19 15:53:40,486:INFO:PyCaret ClusteringExperiment
2023-06-19 15:53:40,486:INFO:Logging name: cluster-default-name
2023-06-19 15:53:40,486:INFO:ML Usecase: MLUsecase.CLUSTERING
2023-06-19 15:53:40,486:INFO:version 3.0.2
2023-06-19 15:53:40,486:INFO:Initializing setup()
2023-06-19 15:53:40,486:INFO:self.USI: 9f13
2023-06-19 15:53:40,486:INFO:self._variable_keys: {'_ml_usecase', 'gpu_param', 'seed', 'log_plots_param', 'idx', 'USI', '_available_plots', 'exp_name_log', 'html_param', 'memory', 'data', 'exp_id', 'gpu_n_jobs_param', 'X', 'logging_param', 'pipeline', 'n_jobs_param'}
2023-06-19 15:53:40,486:INFO:Checking environment
2023-06-19 15:53:40,486:INFO:python_version: 3.9.12
2023-06-19 15:53:40,486:INFO:python_build: ('main', 'Apr  4 2022 05:22:27')
2023-06-19 15:53:40,486:INFO:machine: AMD64
2023-06-19 15:53:40,486:INFO:platform: Windows-10-10.0.19045-SP0
2023-06-19 15:53:40,486:INFO:Memory: svmem(total=17041244160, available=8385650688, percent=50.8, used=8655593472, free=8385650688)
2023-06-19 15:53:40,487:INFO:Physical Core: 6
2023-06-19 15:53:40,487:INFO:Logical Core: 12
2023-06-19 15:53:40,487:INFO:Checking libraries
2023-06-19 15:53:40,487:INFO:System:
2023-06-19 15:53:40,487:INFO:    python: 3.9.12 (main, Apr  4 2022, 05:22:27) [MSC v.1916 64 bit (AMD64)]
2023-06-19 15:53:40,487:INFO:executable: C:\Users\90531\anaconda3\python.exe
2023-06-19 15:53:40,487:INFO:   machine: Windows-10-10.0.19045-SP0
2023-06-19 15:53:40,487:INFO:PyCaret required dependencies:
2023-06-19 15:53:40,487:INFO:                 pip: 21.2.4
2023-06-19 15:53:40,487:INFO:          setuptools: 61.2.0
2023-06-19 15:53:40,487:INFO:             pycaret: 3.0.2
2023-06-19 15:53:40,487:INFO:             IPython: 8.2.0
2023-06-19 15:53:40,487:INFO:          ipywidgets: 7.6.5
2023-06-19 15:53:40,487:INFO:                tqdm: 4.64.0
2023-06-19 15:53:40,487:INFO:               numpy: 1.21.5
2023-06-19 15:53:40,487:INFO:              pandas: 1.4.2
2023-06-19 15:53:40,487:INFO:              jinja2: 2.11.3
2023-06-19 15:53:40,487:INFO:               scipy: 1.7.3
2023-06-19 15:53:40,487:INFO:              joblib: 1.2.0
2023-06-19 15:53:40,487:INFO:             sklearn: 1.2.2
2023-06-19 15:53:40,487:INFO:                pyod: 1.0.9
2023-06-19 15:53:40,487:INFO:            imblearn: 0.10.1
2023-06-19 15:53:40,487:INFO:   category_encoders: 2.6.1
2023-06-19 15:53:40,487:INFO:            lightgbm: 3.3.5
2023-06-19 15:53:40,488:INFO:               numba: 0.55.1
2023-06-19 15:53:40,488:INFO:            requests: 2.27.1
2023-06-19 15:53:40,488:INFO:          matplotlib: 3.5.1
2023-06-19 15:53:40,488:INFO:          scikitplot: 0.3.7
2023-06-19 15:53:40,488:INFO:         yellowbrick: 1.5
2023-06-19 15:53:40,488:INFO:              plotly: 5.6.0
2023-06-19 15:53:40,488:INFO:             kaleido: 0.2.1
2023-06-19 15:53:40,488:INFO:         statsmodels: 0.13.2
2023-06-19 15:53:40,488:INFO:              sktime: 0.17.0
2023-06-19 15:53:40,488:INFO:               tbats: 1.1.3
2023-06-19 15:53:40,488:INFO:            pmdarima: 2.0.3
2023-06-19 15:53:40,488:INFO:              psutil: 5.9.5
2023-06-19 15:53:40,489:INFO:PyCaret optional dependencies:
2023-06-19 15:53:40,500:INFO:                shap: Not installed
2023-06-19 15:53:40,500:INFO:           interpret: Not installed
2023-06-19 15:53:40,500:INFO:                umap: Not installed
2023-06-19 15:53:40,500:INFO:    pandas_profiling: Not installed
2023-06-19 15:53:40,500:INFO:  explainerdashboard: Not installed
2023-06-19 15:53:40,500:INFO:             autoviz: Not installed
2023-06-19 15:53:40,500:INFO:           fairlearn: Not installed
2023-06-19 15:53:40,500:INFO:             xgboost: 1.7.5
2023-06-19 15:53:40,500:INFO:            catboost: Not installed
2023-06-19 15:53:40,500:INFO:              kmodes: 0.12.2
2023-06-19 15:53:40,500:INFO:             mlxtend: Not installed
2023-06-19 15:53:40,500:INFO:       statsforecast: Not installed
2023-06-19 15:53:40,500:INFO:        tune_sklearn: Not installed
2023-06-19 15:53:40,500:INFO:                 ray: Not installed
2023-06-19 15:53:40,500:INFO:            hyperopt: Not installed
2023-06-19 15:53:40,500:INFO:              optuna: Not installed
2023-06-19 15:53:40,500:INFO:               skopt: Not installed
2023-06-19 15:53:40,500:INFO:              mlflow: Not installed
2023-06-19 15:53:40,500:INFO:              gradio: Not installed
2023-06-19 15:53:40,500:INFO:             fastapi: Not installed
2023-06-19 15:53:40,500:INFO:             uvicorn: Not installed
2023-06-19 15:53:40,500:INFO:              m2cgen: Not installed
2023-06-19 15:53:40,500:INFO:           evidently: Not installed
2023-06-19 15:53:40,500:INFO:               fugue: Not installed
2023-06-19 15:53:40,500:INFO:           streamlit: Not installed
2023-06-19 15:53:40,500:INFO:             prophet: 1.1.4
2023-06-19 15:53:40,500:INFO:None
2023-06-19 15:53:40,500:INFO:Set up data.
2023-06-19 15:53:40,509:INFO:Set up index.
2023-06-19 15:53:40,509:INFO:Assigning column types.
2023-06-19 15:53:40,509:INFO:Engine successfully changes for model 'kmeans' to 'sklearn'.
2023-06-19 15:53:40,509:INFO:Engine for model 'dbscan' has not been set explicitly, hence returning None.
2023-06-19 15:53:40,509:INFO:Soft dependency imported: kmodes: 0.12.2
2023-06-19 15:53:40,517:INFO:Engine for model 'dbscan' has not been set explicitly, hence returning None.
2023-06-19 15:53:40,517:INFO:Soft dependency imported: kmodes: 0.12.2
2023-06-19 15:53:40,517:INFO:Engine successfully changes for model 'dbscan' to 'sklearn'.
2023-06-19 15:53:40,517:INFO:Soft dependency imported: kmodes: 0.12.2
2023-06-19 15:53:40,517:INFO:Soft dependency imported: kmodes: 0.12.2
2023-06-19 15:53:40,519:INFO:Preparing preprocessing pipeline...
2023-06-19 15:53:40,519:INFO:Set up simple imputation.
2023-06-19 15:53:40,522:INFO:Set up encoding of categorical features.
2023-06-19 15:53:40,562:INFO:Finished creating preprocessing pipeline.
2023-06-19 15:53:40,577:INFO:Pipeline: Pipeline(memory=FastMemory(location=C:\Users\90531\AppData\Local\Temp\joblib),
         steps=[('numerical_imputer',
                 TransformerWrapper(include=['MilitaryStrengthPowerIndex',
                                             'AircraftStrengthvalue',
                                             'Fighter/InterceptorStrengthvalue',
                                             'AttackAircraftStrengthvalue',
                                             'TransportAircraftFleetStrengthvalue',
                                             'TrainerAircraftFleetvalue',
                                             'HelicopterFleetStrengthvalue',
                                             '...
                                             'TotalWaterwayCoveragevalue',
                                             'TotalBorderCoveragevalue'],
                                    transformer=SimpleImputer())),
                ('categorical_imputer',
                 TransformerWrapper(include=['Country'],
                                    transformer=SimpleImputer(strategy='most_frequent'))),
                ('onehot_encoding',
                 TransformerWrapper(include=['Country'],
                                    transformer=OneHotEncoder(cols=['Country'],
                                                              handle_missing='return_nan',
                                                              use_cat_names=True)))])
2023-06-19 15:53:40,577:INFO:Creating final display dataframe.
2023-06-19 15:53:40,609:INFO:Setup _display_container:                  Description                 Value
0                 Session id                   870
1        Original data shape             (138, 31)
2     Transformed data shape            (138, 168)
3           Numeric features                    30
4       Categorical features                     1
5                 Preprocess                  True
6            Imputation type                simple
7         Numeric imputation                  mean
8     Categorical imputation                  mode
9   Maximum one-hot encoding                    -1
10           Encoding method                  None
11                  CPU Jobs                    -1
12                   Use GPU                 False
13            Log Experiment                 False
14           Experiment Name  cluster-default-name
15                       USI                  9f13
2023-06-19 15:53:40,609:INFO:Soft dependency imported: kmodes: 0.12.2
2023-06-19 15:53:40,609:INFO:Soft dependency imported: kmodes: 0.12.2
2023-06-19 15:53:40,619:INFO:setup() successfully completed in 0.14s...............
2023-06-19 15:53:44,359:INFO:Initializing create_model()
2023-06-19 15:53:44,360:INFO:create_model(self=<pycaret.clustering.oop.ClusteringExperiment object at 0x0000022F8EA60700>, estimator=kmeans, num_clusters=4, fraction=0.05, ground_truth=None, round=4, fit_kwargs=None, experiment_custom_tags=None, verbose=True, system=True, add_to_model_list=True, raise_num_clusters=False, display=None, kwargs={})
2023-06-19 15:53:44,360:INFO:Checking exceptions
2023-06-19 15:53:44,420:INFO:Importing untrained model
2023-06-19 15:53:44,423:INFO:K-Means Clustering Imported successfully
2023-06-19 15:53:44,426:INFO:Fitting Model
2023-06-19 15:53:44,978:INFO:KMeans(n_clusters=4, random_state=870)
2023-06-19 15:53:44,978:INFO:create_models() successfully completed......................................
2023-06-19 15:53:44,989:INFO:Uploading results into container
2023-06-19 15:53:44,991:INFO:Uploading model into container now
2023-06-19 15:53:44,992:INFO:_master_model_container: 1
2023-06-19 15:53:44,992:INFO:_display_container: 2
2023-06-19 15:53:44,992:INFO:KMeans(n_clusters=4, random_state=870)
2023-06-19 15:53:44,997:INFO:create_model() successfully completed......................................
2023-06-19 15:53:57,687:INFO:Initializing plot_model()
2023-06-19 15:53:57,687:INFO:plot_model(plot=cluster, fold=None, use_train_data=False, verbose=True, display=None, display_format=None, estimator=KMeans(n_clusters=4, random_state=870), feature_name=None, fit_kwargs=None, groups=None, label=False, plot_kwargs=None, save=False, scale=1, self=<pycaret.clustering.oop.ClusteringExperiment object at 0x0000022F8EA60700>, system=True)
2023-06-19 15:53:57,687:INFO:Checking exceptions
2023-06-19 15:53:57,693:INFO:Preloading libraries
2023-06-19 15:53:57,693:INFO:Copying training dataset
2023-06-19 15:53:57,693:INFO:Plot type: cluster
2023-06-19 15:53:57,693:INFO:SubProcess assign_model() called ==================================
2023-06-19 15:53:57,694:INFO:Initializing assign_model()
2023-06-19 15:53:57,694:INFO:assign_model(self=<pycaret.clustering.oop.ClusteringExperiment object at 0x0000022F8EA60700>, model=KMeans(n_clusters=4, random_state=870), transformation=True, score=True, verbose=False)
2023-06-19 15:53:57,694:INFO:Checking exceptions
2023-06-19 15:53:57,694:INFO:Determining Trained Model
2023-06-19 15:53:57,694:INFO:Trained Model : K-Means Clustering
2023-06-19 15:53:57,694:INFO:Copying data
2023-06-19 15:53:57,726:INFO:Transformation parameter set to True. Assigned clusters are attached on transformed dataset.
2023-06-19 15:53:57,726:INFO:(138, 169)
2023-06-19 15:53:57,726:INFO:assign_model() successfully completed......................................
2023-06-19 15:53:57,727:INFO:SubProcess assign_model() end ==================================
2023-06-19 15:53:57,727:INFO:Fitting PCA()
2023-06-19 15:53:57,739:INFO:Sorting dataframe
2023-06-19 15:53:57,741:INFO:Rendering Visual
2023-06-19 15:53:57,779:INFO:Visual Rendered Successfully
2023-06-19 15:53:57,857:INFO:plot_model() successfully completed......................................
